{
  "RSpec": {
    "coverage": {
      "/Users/clare/Dropbox/projects/Encapsulation-and-Cohesion-Exercise/spec/secret-diary_spec.rb": [
        1,
        null,
        1,
        null,
        1,
        null,
        1,
        null,
        null,
        1,
        null,
        1,
        1,
        null,
        null,
        1,
        1,
        2,
        null,
        null,
        1,
        null,
        1,
        1,
        1,
        1,
        1,
        null,
        null,
        1,
        1,
        2,
        null,
        null,
        null,
        1,
        1,
        1,
        1,
        null,
        null,
        1,
        1,
        1,
        null,
        null,
        1,
        null,
        1,
        1,
        1,
        null,
        null
      ],
      "/Users/clare/Dropbox/projects/Encapsulation-and-Cohesion-Exercise/secret-diary.rb": [
        1,
        1,
        5,
        null,
        5,
        null,
        null,
        1,
        3,
        2,
        null,
        null,
        1,
        2,
        1,
        null,
        null,
        1,
        1,
        null,
        null,
        1,
        1,
        null,
        null,
        1,
        3,
        null,
        null,
        null,
        1,
        1,
        null,
        1,
        8,
        null,
        null,
        1,
        3,
        null,
        null,
        1,
        4,
        null,
        null,
        1,
        1,
        null,
        null
      ]
    },
    "timestamp": 1539086611
  }
}
